<?xml version="1.0" encoding="UTF-8" ?>
<testsuite tests="7" failures="0" name="com.ibm.bluej.util.common.HashMapUtilTest" time="0.01" errors="0" skipped="0">
  <properties>
[...]
</properties>
  <testcase classname="com.ibm.bluej.util.common.HashMapUtilTest" name="testAddHS" time="0.004"/>
  <testcase classname="com.ibm.bluej.util.common.HashMapUtilTest" name="testPut2" time="0.005"/>
  <testcase classname="com.ibm.bluej.util.common.HashMapUtilTest" name="testAddALMapOfKArrayListOfVKV" time="0"/>
  <testcase classname="com.ibm.bluej.util.common.HashMapUtilTest" name="testReverse" time="0"/>
  <testcase classname="com.ibm.bluej.util.common.HashMapUtilTest" name="testReverseAL" time="0"/>
  <testcase classname="com.ibm.bluej.util.common.HashMapUtilTest" name="testReverseHS" time="0"/>
  <testcase classname="com.ibm.bluej.util.common.HashMapUtilTest" name="testAddALMapOfK1HashMapOfK2ArrayListOfVK1K2V" time="0.001"/>
</testsuite>